<?xml version="1.0" encoding="UTF-8" standalone="no"?><testsuite errors="0" failures="3" name="Autenticacion en OrangeHRM" skipped="0" tests="3" time="17.69" timestamp="2025-07-04 11:16:03"><testcase name="Login exitoso con credenciales válidas"><failure message="&#10;Expected: an element that is visible&#10;     but: no matching element found by [Login button located with: xpath: //*[@id='app']/div[1]/div/div[1]/div/div[2]/div[2]/form/div[3]/button]" type="java.lang.AssertionError">
Expected: an element that is visible
     but: no matching element found by [Login button located with: xpath: //*[@id='app']/div[1]/div/div[1]/div/div[2]/div[2]/form/div[3]/button]</failure><system-err>
Expected: an element that is visible
     but: no matching element found by [Login button located with: xpath: //*[@id='app']/div[1]/div/div[1]/div/div[2]/div[2]/form/div[3]/button]&#13;
co.edu.udea.certificacion.recursoshumanos.stepdefinitions.LoginStepDefinition.hagoClicEnElBoton(LoginStepDefinition.java:51)&#13;
worker.org.gradle.process.internal.worker.GradleWorkerMain.run(GradleWorkerMain.java:69)&#13;
worker.org.gradle.process.internal.worker.GradleWorkerMain.main(GradleWorkerMain.java:74)&#13;
</system-err></testcase><testcase name="Validar elementos del dashboard después del login"><failure message="&#10;Expected: an element that is visible&#10;     but: no matching element found by [Username field located with: xpath: //*[@id='app']/div[1]/div/div[1]/div/div[2]/div[2]/form/div[1]/div/div[2]/input]" type="java.lang.AssertionError">
Expected: an element that is visible
     but: no matching element found by [Username field located with: xpath: //*[@id='app']/div[1]/div/div[1]/div/div[2]/div[2]/form/div[1]/div/div[2]/input]</failure><system-err>
Expected: an element that is visible
     but: no matching element found by [Username field located with: xpath: //*[@id='app']/div[1]/div/div[1]/div/div[2]/div[2]/form/div[1]/div/div[2]/input]&#13;
co.edu.udea.certificacion.recursoshumanos.tasks.Login.performAs(Login.java:20)&#13;
co.edu.udea.certificacion.recursoshumanos.stepdefinitions.LoginStepDefinition.ingresoCredencialesValidasYMeAutentico(LoginStepDefinition.java:72)&#13;
worker.org.gradle.process.internal.worker.GradleWorkerMain.run(GradleWorkerMain.java:69)&#13;
worker.org.gradle.process.internal.worker.GradleWorkerMain.main(GradleWorkerMain.java:74)&#13;
</system-err></testcase><testcase name="Navegar al módulo Leave y verificar su carga"><failure message="&#10;Expected: an element that is visible&#10;     but: no matching element found by [Leave menu option located with: //ul[contains(@class,'oxd-main-menu')]//li//span[normalize-space(text())='Leave']]" type="java.lang.AssertionError">
Expected: an element that is visible
     but: no matching element found by [Leave menu option located with: //ul[contains(@class,'oxd-main-menu')]//li//span[normalize-space(text())='Leave']]</failure><system-err>
Expected: an element that is visible
     but: no matching element found by [Leave menu option located with: //ul[contains(@class,'oxd-main-menu')]//li//span[normalize-space(text())='Leave']]&#13;
co.edu.udea.certificacion.recursoshumanos.tasks.NavigateTo.performAs(NavigateTo.java:25)&#13;
co.edu.udea.certificacion.recursoshumanos.stepdefinitions.LeaveStepDefinition.queEstoyEnLaPaginaDe(LeaveStepDefinition.java:27)&#13;
worker.org.gradle.process.internal.worker.GradleWorkerMain.run(GradleWorkerMain.java:69)&#13;
worker.org.gradle.process.internal.worker.GradleWorkerMain.main(GradleWorkerMain.java:74)&#13;
</system-err></testcase></testsuite>