<?xml version="1.0" encoding="UTF-8" standalone="no"?><testsuite errors="0" failures="2" name="Autenticacion en OrangeHRM" skipped="0" tests="2" time="6.65" timestamp="2025-07-04 06:06:10"><testcase name="Login exitoso con credenciales válidas"><failure message="&#10;Expected: an element that is visible&#10;     but: no matching element found by [Login button located with: xpath: //button[@type='submit']]" type="java.lang.AssertionError">
Expected: an element that is visible
     but: no matching element found by [Login button located with: xpath: //button[@type='submit']]</failure><system-err>
Expected: an element that is visible
     but: no matching element found by [Login button located with: xpath: //button[@type='submit']]&#13;
co.edu.udea.certificacion.recursoshumanos.stepdefinitions.LoginStepDefinition.hagoClicEnElBoton(LoginStepDefinition.java:48)&#13;
worker.org.gradle.process.internal.worker.GradleWorkerMain.run(GradleWorkerMain.java:69)&#13;
worker.org.gradle.process.internal.worker.GradleWorkerMain.main(GradleWorkerMain.java:74)&#13;
</system-err></testcase><testcase name="Validar elementos del dashboard después del login"><failure message="&#10;Expected: an element that is visible&#10;     but: no matching element found by [Username field located with: name: username]" type="java.lang.AssertionError">
Expected: an element that is visible
     but: no matching element found by [Username field located with: name: username]</failure><system-err>
Expected: an element that is visible
     but: no matching element found by [Username field located with: name: username]&#13;
co.edu.udea.certificacion.recursoshumanos.tasks.Login.performAs(Login.java:25)&#13;
co.edu.udea.certificacion.recursoshumanos.stepdefinitions.LoginStepDefinition.ingresoCredencialesValidasYMeAutentico(LoginStepDefinition.java:69)&#13;
worker.org.gradle.process.internal.worker.GradleWorkerMain.run(GradleWorkerMain.java:69)&#13;
worker.org.gradle.process.internal.worker.GradleWorkerMain.main(GradleWorkerMain.java:74)&#13;
</system-err></testcase></testsuite>